2022-07-13 00:09:24.823  INFO 26829 --- [http-nio-8872-exec-5] o.a.c.c.C.[Tomcat].[localhost].[/]       : Unauthorized access request
2022-07-13 00:09:36.627 DEBUG 26829 --- [http-nio-8872-exec-6] org.hibernate.SQL                        : 
    /* select
        generatedAlias0 
    from
        Admi as generatedAlias0 
    where
        generatedAlias0.email=:param0 */ select
            admi0_.id as id1_1_,
            admi0_.create_date_time as create_d2_1_,
            admi0_.email as email3_1_,
            admi0_.name as name4_1_,
            admi0_.phone as phone5_1_,
            admi0_.update_date_time as update_d6_1_ 
        from
            admi admi0_ 
        where
            admi0_.email=?
2022-07-13 00:09:36.629 TRACE 26829 --- [http-nio-8872-exec-6] o.h.type.descriptor.sql.BasicBinder      : binding parameter [1] as [VARCHAR] - [mwangimuchiri@gmail.com]
2022-07-13 00:09:36.634 DEBUG 26829 --- [http-nio-8872-exec-6] org.hibernate.SQL                        : 
    /* select
        generatedAlias0 
    from
        Admi as generatedAlias0 
    where
        generatedAlias0.email=:param0 */ select
            admi0_.id as id1_1_,
            admi0_.create_date_time as create_d2_1_,
            admi0_.email as email3_1_,
            admi0_.name as name4_1_,
            admi0_.phone as phone5_1_,
            admi0_.update_date_time as update_d6_1_ 
        from
            admi admi0_ 
        where
            admi0_.email=?
2022-07-13 00:09:36.636 TRACE 26829 --- [http-nio-8872-exec-6] o.h.type.descriptor.sql.BasicBinder      : binding parameter [1] as [VARCHAR] - [mwangimuchiri@gmail.com]
2022-07-13 00:09:36.861 DEBUG 26829 --- [http-nio-8872-exec-4] org.hibernate.SQL                        : 
    /* select
        generatedAlias0 
    from
        Admi as generatedAlias0 
    where
        generatedAlias0.id=:param0 */ select
            admi0_.id as id1_1_,
            admi0_.create_date_time as create_d2_1_,
            admi0_.email as email3_1_,
            admi0_.name as name4_1_,
            admi0_.phone as phone5_1_,
            admi0_.update_date_time as update_d6_1_ 
        from
            admi admi0_ 
        where
            admi0_.id=?
2022-07-13 00:09:36.863 TRACE 26829 --- [http-nio-8872-exec-4] o.h.type.descriptor.sql.BasicBinder      : binding parameter [1] as [INTEGER] - [38]
2022-07-13 00:09:43.330 DEBUG 26829 --- [http-nio-8872-exec-5] org.hibernate.SQL                        : 
    /* select
        generatedAlias0 
    from
        Admi as generatedAlias0 
    where
        generatedAlias0.id=:param0 */ select
            admi0_.id as id1_1_,
            admi0_.create_date_time as create_d2_1_,
            admi0_.email as email3_1_,
            admi0_.name as name4_1_,
            admi0_.phone as phone5_1_,
            admi0_.update_date_time as update_d6_1_ 
        from
            admi admi0_ 
        where
            admi0_.id=?
2022-07-13 00:09:43.332 TRACE 26829 --- [http-nio-8872-exec-5] o.h.type.descriptor.sql.BasicBinder      : binding parameter [1] as [INTEGER] - [38]
2022-07-13 00:09:43.339 DEBUG 26829 --- [http-nio-8872-exec-5] org.hibernate.SQL                        : 
    /* select
        generatedAlias0 
    from
        Region as generatedAlias0 */ select
            region0_.id as id1_6_,
            region0_.description as descript2_6_,
            region0_.name as name3_6_ 
        from
            region region0_
2022-07-13 00:13:07.479  INFO 26829 --- [SpringApplicationShutdownHook] j.LocalContainerEntityManagerFactoryBean : Closing JPA EntityManagerFactory for persistence unit 'default'
2022-07-13 00:13:07.492  INFO 26829 --- [SpringApplicationShutdownHook] com.zaxxer.hikari.HikariDataSource       : HikariPool-1 - Shutdown initiated...
2022-07-13 00:13:07.546  INFO 26829 --- [SpringApplicationShutdownHook] com.zaxxer.hikari.HikariDataSource       : HikariPool-1 - Shutdown completed.
2022-07-13 00:13:27.572  INFO 33651 --- [Test worker] .NexcomAcquisitionPortalApplicationTests : Starting NexcomAcquisitionPortalApplicationTests using Java 16.0.1 on engineer with PID 33651 (started by engineer in /home/engineer/IdeaProjects/NexcomAcquisitionPortal)
2022-07-13 00:13:27.576  INFO 33651 --- [Test worker] .NexcomAcquisitionPortalApplicationTests : No active profile set, falling back to 1 default profile: "default"
2022-07-13 00:13:28.854  INFO 33651 --- [Test worker] .s.d.r.c.RepositoryConfigurationDelegate : Bootstrapping Spring Data JPA repositories in DEFAULT mode.
2022-07-13 00:13:28.952  INFO 33651 --- [Test worker] .s.d.r.c.RepositoryConfigurationDelegate : Finished Spring Data repository scanning in 87 ms. Found 7 JPA repository interfaces.
2022-07-13 00:13:29.867  INFO 33651 --- [Test worker] o.hibernate.jpa.internal.util.LogHelper  : HHH000204: Processing PersistenceUnitInfo [name: default]
2022-07-13 00:13:29.939  INFO 33651 --- [Test worker] org.hibernate.Version                    : HHH000412: Hibernate ORM core version 5.6.9.Final
2022-07-13 00:13:30.185  INFO 33651 --- [Test worker] o.hibernate.annotations.common.Version   : HCANN000001: Hibernate Commons Annotations {5.1.2.Final}
2022-07-13 00:13:30.333  INFO 33651 --- [Test worker] com.zaxxer.hikari.HikariDataSource       : HikariPool-1 - Starting...
2022-07-13 00:13:30.975  INFO 33651 --- [Test worker] com.zaxxer.hikari.HikariDataSource       : HikariPool-1 - Start completed.
2022-07-13 00:13:31.009  INFO 33651 --- [Test worker] org.hibernate.dialect.Dialect            : HHH000400: Using dialect: org.hibernate.dialect.MySQL5Dialect
2022-07-13 00:13:32.545 DEBUG 33651 --- [Test worker] org.hibernate.SQL                        : 
    
    alter table admi_roles 
       add constraint FKg4g960gmmeal0vvqe5syutulm 
       foreign key (roles_id) 
       references roles_admin (id)
2022-07-13 00:13:33.559 DEBUG 33651 --- [Test worker] org.hibernate.SQL                        : 
    
    alter table admi_roles 
       add constraint FKry6n6e9eee4j4ft905o1kbp97 
       foreign key (admin_id) 
       references admi (id)
2022-07-13 00:13:34.069  INFO 33651 --- [Test worker] o.h.e.t.j.p.i.JtaPlatformInitiator       : HHH000490: Using JtaPlatform implementation: [org.hibernate.engine.transaction.jta.platform.internal.NoJtaPlatform]
2022-07-13 00:13:34.106  INFO 33651 --- [Test worker] j.LocalContainerEntityManagerFactoryBean : Initialized JPA EntityManagerFactory for persistence unit 'default'
2022-07-13 00:13:35.395  WARN 33651 --- [Test worker] JpaBaseConfiguration$JpaWebConfiguration : spring.jpa.open-in-view is enabled by default. Therefore, database queries may be performed during view rendering. Explicitly configure spring.jpa.open-in-view to disable this warning
2022-07-13 00:13:35.797  INFO 33651 --- [Test worker] o.s.b.a.w.s.WelcomePageHandlerMapping    : Adding welcome page template: index
2022-07-13 00:13:36.385  INFO 33651 --- [Test worker] s.a.ScheduledAnnotationBeanPostProcessor : No TaskScheduler/ScheduledExecutorService bean found for scheduled processing
2022-07-13 00:13:36.395  INFO 33651 --- [Test worker] .NexcomAcquisitionPortalApplicationTests : Started NexcomAcquisitionPortalApplicationTests in 9.777 seconds (JVM running for 11.618)
2022-07-13 00:13:36.680  INFO 33651 --- [SpringApplicationShutdownHook] j.LocalContainerEntityManagerFactoryBean : Closing JPA EntityManagerFactory for persistence unit 'default'
2022-07-13 00:13:36.682  INFO 33651 --- [SpringApplicationShutdownHook] com.zaxxer.hikari.HikariDataSource       : HikariPool-1 - Shutdown initiated...
2022-07-13 00:13:36.696  INFO 33651 --- [SpringApplicationShutdownHook] com.zaxxer.hikari.HikariDataSource       : HikariPool-1 - Shutdown completed.
2022-07-13 00:13:40.840  INFO 33724 --- [main] c.d.N.NexcomAcquisitionPortalApplication : Starting NexcomAcquisitionPortalApplication using Java 11.0.15 on engineer with PID 33724 (/home/engineer/IdeaProjects/NexcomAcquisitionPortal/build/libs/NexcomAcquisitionPortal-0.0.1-SNAPSHOT.war started by engineer in /home/engineer/IdeaProjects/NexcomAcquisitionPortal)
2022-07-13 00:13:40.849  INFO 33724 --- [main] c.d.N.NexcomAcquisitionPortalApplication : No active profile set, falling back to 1 default profile: "default"
2022-07-13 00:13:42.552  INFO 33724 --- [main] .s.d.r.c.RepositoryConfigurationDelegate : Bootstrapping Spring Data JPA repositories in DEFAULT mode.
2022-07-13 00:13:42.740  INFO 33724 --- [main] .s.d.r.c.RepositoryConfigurationDelegate : Finished Spring Data repository scanning in 123 ms. Found 7 JPA repository interfaces.
2022-07-13 00:13:44.184  INFO 33724 --- [main] o.s.b.w.embedded.tomcat.TomcatWebServer  : Tomcat initialized with port(s): 8872 (http)
2022-07-13 00:13:44.222  INFO 33724 --- [main] o.apache.catalina.core.StandardService   : Starting service [Tomcat]
2022-07-13 00:13:44.223  INFO 33724 --- [main] org.apache.catalina.core.StandardEngine  : Starting Servlet engine: [Apache Tomcat/9.0.64]
2022-07-13 00:13:45.985  INFO 33724 --- [main] o.a.c.c.C.[Tomcat].[localhost].[/]       : Initializing Spring embedded WebApplicationContext
2022-07-13 00:13:45.986  INFO 33724 --- [main] w.s.c.ServletWebServerApplicationContext : Root WebApplicationContext: initialization completed in 4998 ms
2022-07-13 00:13:46.417  INFO 33724 --- [main] o.hibernate.jpa.internal.util.LogHelper  : HHH000204: Processing PersistenceUnitInfo [name: default]
2022-07-13 00:13:46.547  INFO 33724 --- [main] org.hibernate.Version                    : HHH000412: Hibernate ORM core version 5.6.9.Final
2022-07-13 00:13:46.915  INFO 33724 --- [main] o.hibernate.annotations.common.Version   : HCANN000001: Hibernate Commons Annotations {5.1.2.Final}
2022-07-13 00:13:47.217  INFO 33724 --- [main] com.zaxxer.hikari.HikariDataSource       : HikariPool-1 - Starting...
2022-07-13 00:13:47.866  INFO 33724 --- [main] com.zaxxer.hikari.HikariDataSource       : HikariPool-1 - Start completed.
2022-07-13 00:13:47.923  INFO 33724 --- [main] org.hibernate.dialect.Dialect            : HHH000400: Using dialect: org.hibernate.dialect.MySQL5Dialect
2022-07-13 00:13:49.915 DEBUG 33724 --- [main] org.hibernate.SQL                        : 
    
    alter table admi_roles 
       add constraint FKg4g960gmmeal0vvqe5syutulm 
       foreign key (roles_id) 
       references roles_admin (id)
2022-07-13 00:13:50.294 DEBUG 33724 --- [main] org.hibernate.SQL                        : 
    
    alter table admi_roles 
       add constraint FKry6n6e9eee4j4ft905o1kbp97 
       foreign key (admin_id) 
       references admi (id)
2022-07-13 00:13:50.660  INFO 33724 --- [main] o.h.e.t.j.p.i.JtaPlatformInitiator       : HHH000490: Using JtaPlatform implementation: [org.hibernate.engine.transaction.jta.platform.internal.NoJtaPlatform]
2022-07-13 00:13:50.693  INFO 33724 --- [main] j.LocalContainerEntityManagerFactoryBean : Initialized JPA EntityManagerFactory for persistence unit 'default'
2022-07-13 00:13:51.109  INFO 33724 --- [main] o.a.c.c.C.[Tomcat].[localhost].[/]       : AuthenticationFilter initialized
2022-07-13 00:13:51.997  WARN 33724 --- [main] JpaBaseConfiguration$JpaWebConfiguration : spring.jpa.open-in-view is enabled by default. Therefore, database queries may be performed during view rendering. Explicitly configure spring.jpa.open-in-view to disable this warning
2022-07-13 00:13:52.320  INFO 33724 --- [main] o.s.b.a.w.s.WelcomePageHandlerMapping    : Adding welcome page template: index
2022-07-13 00:13:53.542  INFO 33724 --- [main] o.s.b.w.embedded.tomcat.TomcatWebServer  : Tomcat started on port(s): 8872 (http) with context path ''
2022-07-13 00:13:53.612  INFO 33724 --- [main] s.a.ScheduledAnnotationBeanPostProcessor : No TaskScheduler/ScheduledExecutorService bean found for scheduled processing
2022-07-13 00:13:53.715  INFO 33724 --- [main] c.d.N.NexcomAcquisitionPortalApplication : Started NexcomAcquisitionPortalApplication in 14.274 seconds (JVM running for 16.317)
2022-07-13 00:13:55.459  INFO 33724 --- [http-nio-8872-exec-2] o.a.c.c.C.[Tomcat].[localhost].[/]       : Initializing Spring DispatcherServlet 'dispatcherServlet'
2022-07-13 00:13:55.465  INFO 33724 --- [http-nio-8872-exec-2] o.s.web.servlet.DispatcherServlet        : Initializing Servlet 'dispatcherServlet'
2022-07-13 00:13:55.470  INFO 33724 --- [http-nio-8872-exec-2] o.s.web.servlet.DispatcherServlet        : Completed initialization in 3 ms
2022-07-13 00:13:55.648  INFO 33724 --- [http-nio-8872-exec-2] o.a.c.c.C.[Tomcat].[localhost].[/]       : Unauthorized access request
2022-07-13 00:14:10.769 DEBUG 33724 --- [http-nio-8872-exec-10] org.hibernate.SQL                        : 
    /* select
        generatedAlias0 
    from
        Admi as generatedAlias0 
    where
        generatedAlias0.id=:param0 */ select
            admi0_.id as id1_1_,
            admi0_.create_date_time as create_d2_1_,
            admi0_.email as email3_1_,
            admi0_.name as name4_1_,
            admi0_.phone as phone5_1_,
            admi0_.update_date_time as update_d6_1_ 
        from
            admi admi0_ 
        where
            admi0_.id=?
2022-07-13 00:14:10.774 TRACE 33724 --- [http-nio-8872-exec-10] o.h.type.descriptor.sql.BasicBinder      : binding parameter [1] as [INTEGER] - [38]
2022-07-13 00:14:10.904 DEBUG 33724 --- [http-nio-8872-exec-10] org.hibernate.SQL                        : 
    /* select
        generatedAlias0 
    from
        Region as generatedAlias0 */ select
            region0_.id as id1_6_,
            region0_.description as descript2_6_,
            region0_.name as name3_6_ 
        from
            region region0_
2022-07-13 00:14:20.186 DEBUG 33724 --- [http-nio-8872-exec-3] org.hibernate.SQL                        : 
    /* select
        generatedAlias0 
    from
        Admi as generatedAlias0 
    where
        generatedAlias0.id=:param0 */ select
            admi0_.id as id1_1_,
            admi0_.create_date_time as create_d2_1_,
            admi0_.email as email3_1_,
            admi0_.name as name4_1_,
            admi0_.phone as phone5_1_,
            admi0_.update_date_time as update_d6_1_ 
        from
            admi admi0_ 
        where
            admi0_.id=?
2022-07-13 00:14:20.188 TRACE 33724 --- [http-nio-8872-exec-3] o.h.type.descriptor.sql.BasicBinder      : binding parameter [1] as [INTEGER] - [38]
2022-07-13 00:14:20.204 DEBUG 33724 --- [http-nio-8872-exec-3] org.hibernate.SQL                        : 
    /* select
        generatedAlias0 
    from
        Region as generatedAlias0 */ select
            region0_.id as id1_6_,
            region0_.description as descript2_6_,
            region0_.name as name3_6_ 
        from
            region region0_
2022-07-13 00:14:32.820 DEBUG 33724 --- [http-nio-8872-exec-8] org.hibernate.SQL                        : 
    /* select
        generatedAlias0 
    from
        Admi as generatedAlias0 
    where
        generatedAlias0.id=:param0 */ select
            admi0_.id as id1_1_,
            admi0_.create_date_time as create_d2_1_,
            admi0_.email as email3_1_,
            admi0_.name as name4_1_,
            admi0_.phone as phone5_1_,
            admi0_.update_date_time as update_d6_1_ 
        from
            admi admi0_ 
        where
            admi0_.id=?
2022-07-13 00:14:32.822 TRACE 33724 --- [http-nio-8872-exec-8] o.h.type.descriptor.sql.BasicBinder      : binding parameter [1] as [INTEGER] - [38]
2022-07-13 00:14:32.837 DEBUG 33724 --- [http-nio-8872-exec-8] org.hibernate.SQL                        : 
    select
        region0_.id as id1_6_0_,
        region0_.description as descript2_6_0_,
        region0_.name as name3_6_0_ 
    from
        region region0_ 
    where
        region0_.id=?
2022-07-13 00:14:32.838 TRACE 33724 --- [http-nio-8872-exec-8] o.h.type.descriptor.sql.BasicBinder      : binding parameter [1] as [INTEGER] - [1]
2022-07-13 00:14:32.903 DEBUG 33724 --- [http-nio-8872-exec-8] org.hibernate.SQL                        : 
    /* select
        generatedAlias0 
    from
        Zone as generatedAlias0 
    where
        generatedAlias0.regionId=:param0 */ select
            zone0_.id as id1_7_,
            zone0_.description as descript2_7_,
            zone0_.name as name3_7_,
            zone0_.region_id as region_i4_7_ 
        from
            zone zone0_ 
        where
            zone0_.region_id=?
2022-07-13 00:14:32.905 TRACE 33724 --- [http-nio-8872-exec-8] o.h.type.descriptor.sql.BasicBinder      : binding parameter [1] as [INTEGER] - [1]
