"2022-08-31 23:13:23 [Test worker] INFO  c.d.N.NexcomAcquisitionPortalApplicationTests - Starting NexcomAcquisitionPortalApplicationTests using Java 16.0.1 on engineer with PID 29176 (started by engineer in /home/engineer/IdeaProjects/NexcomAcquisitionPortal)
""2022-08-31 23:13:23 [Test worker] INFO  c.d.N.NexcomAcquisitionPortalApplicationTests - No active profile set, falling back to 1 default profile: "default"
""2022-08-31 23:13:24 [Test worker] INFO  o.s.d.r.c.RepositoryConfigurationDelegate - Multiple Spring Data modules found, entering strict repository configuration mode
""2022-08-31 23:13:24 [Test worker] INFO  o.s.d.r.c.RepositoryConfigurationDelegate - Bootstrapping Spring Data JPA repositories in DEFAULT mode.
""2022-08-31 23:13:24 [Test worker] INFO  o.s.d.r.c.RepositoryConfigurationDelegate - Finished Spring Data repository scanning in 94 ms. Found 13 JPA repository interfaces.
""2022-08-31 23:13:25 [Test worker] INFO  o.h.jpa.internal.util.LogHelper - HHH000204: Processing PersistenceUnitInfo [name: default]
""2022-08-31 23:13:25 [Test worker] INFO  org.hibernate.Version - HHH000412: Hibernate ORM core version 5.6.9.Final
""2022-08-31 23:13:25 [Test worker] INFO  o.h.annotations.common.Version - HCANN000001: Hibernate Commons Annotations {5.1.2.Final}
""2022-08-31 23:13:26 [Test worker] INFO  com.zaxxer.hikari.HikariDataSource - HikariPool-1 - Starting...
""2022-08-31 23:13:27 [Test worker] INFO  com.zaxxer.hikari.HikariDataSource - HikariPool-1 - Start completed.
""2022-08-31 23:13:27 [Test worker] INFO  org.hibernate.dialect.Dialect - HHH000400: Using dialect: org.hibernate.dialect.MySQL5Dialect
""2022-08-31 23:13:29 [Test worker] DEBUG org.hibernate.SQL - 
    
    alter table admi_roles 
       add constraint FKg4g960gmmeal0vvqe5syutulm 
       foreign key (roles_id) 
       references roles_admin (id)
""2022-08-31 23:13:30 [Test worker] DEBUG org.hibernate.SQL - 
    
    alter table admi_roles 
       add constraint FKry6n6e9eee4j4ft905o1kbp97 
       foreign key (admin_id) 
       references admi (id)
""2022-08-31 23:13:30 [Test worker] DEBUG org.hibernate.SQL - 
    
    alter table password_reset_token 
       add constraint FKipximbo3kvjgd7o9gd9cid4ab 
       foreign key (user_id) 
       references admi (id)
""2022-08-31 23:13:31 [Test worker] INFO  o.h.e.t.j.p.i.JtaPlatformInitiator - HHH000490: Using JtaPlatform implementation: [org.hibernate.engine.transaction.jta.platform.internal.NoJtaPlatform]
""2022-08-31 23:13:31 [Test worker] INFO  o.s.o.j.LocalContainerEntityManagerFactoryBean - Initialized JPA EntityManagerFactory for persistence unit 'default'
""2022-08-31 23:13:31 [Test worker] WARN  o.s.b.a.o.j.JpaBaseConfiguration$JpaWebConfiguration - spring.jpa.open-in-view is enabled by default. Therefore, database queries may be performed during view rendering. Explicitly configure spring.jpa.open-in-view to disable this warning
""2022-08-31 23:13:32 [Test worker] WARN  o.s.b.a.s.s.UserDetailsServiceAutoConfiguration - 

Using generated security password: 498ce48d-70c3-4cf4-8705-2e1273ce25c9

This generated password is for development use only. Your security configuration must be updated before running your application in production.

""2022-08-31 23:13:32 [Test worker] WARN  o.s.s.c.a.web.builders.WebSecurity - You are asking Spring Security to ignore Ant [pattern='/**']. This is not recommended -- please use permitAll via HttpSecurity#authorizeHttpRequests instead.
""2022-08-31 23:13:32 [Test worker] INFO  o.s.s.web.DefaultSecurityFilterChain - Will not secure Ant [pattern='/**']
""2022-08-31 23:13:33 [Test worker] INFO  o.s.s.web.DefaultSecurityFilterChain - Will secure any request with [org.springframework.security.web.session.DisableEncodeUrlFilter@3705a85c, org.springframework.security.web.context.request.async.WebAsyncManagerIntegrationFilter@2284058a, org.springframework.security.web.context.SecurityContextPersistenceFilter@28da5c4d, org.springframework.security.web.header.HeaderWriterFilter@1fa77770, org.springframework.security.web.authentication.logout.LogoutFilter@4fce655d, org.springframework.security.web.savedrequest.RequestCacheAwareFilter@cef23a8, org.springframework.security.web.servletapi.SecurityContextHolderAwareRequestFilter@a1689e8, org.springframework.security.web.authentication.AnonymousAuthenticationFilter@5b11d0d8, org.springframework.security.web.session.SessionManagementFilter@2b0d818d, org.springframework.security.web.access.ExceptionTranslationFilter@6c38f4de, org.springframework.security.web.access.intercept.FilterSecurityInterceptor@4138af7]
""2022-08-31 23:13:33 [Test worker] INFO  o.s.b.a.w.s.WelcomePageHandlerMapping - Adding welcome page template: index
""2022-08-31 23:13:33 [Test worker] WARN  o.t.templatemode.TemplateMode - [THYMELEAF][Test worker] Template Mode 'LEGACYHTML5' is deprecated. Using Template Mode 'HTML' instead.
""2022-08-31 23:13:34 [Test worker] INFO  o.s.s.a.ScheduledAnnotationBeanPostProcessor - No TaskScheduler/ScheduledExecutorService bean found for scheduled processing
""2022-08-31 23:13:34 [Test worker] DEBUG org.hibernate.SQL - 
    /* select
        generatedAlias0 
    from
        Admi as generatedAlias0 
    where
        generatedAlias0.email=:param0 */ select
            admi0_.id as id1_2_,
            admi0_.create_date_time as create_d2_2_,
            admi0_.email as email3_2_,
            admi0_.isadmin as isadmin4_2_,
            admi0_.name as name5_2_,
            admi0_.password as password6_2_,
            admi0_.phone as phone7_2_,
            admi0_.update_date_time as update_d8_2_ 
        from
            admi admi0_ 
        where
            admi0_.email=?
""2022-08-31 23:13:34 [Test worker] TRACE o.h.type.descriptor.sql.BasicBinder - binding parameter [1] as [VARCHAR] - [jmwangi@directcore.com]
""2022-08-31 23:13:34 [Test worker] INFO  c.d.N.seeders.DatabaseSeeder - Users Seeding Not Required
""2022-08-31 23:13:34 [Test worker] DEBUG org.hibernate.SQL - 
    /* select
        generatedAlias0 
    from
        Admi as generatedAlias0 
    where
        generatedAlias0.email=:param0 */ select
            admi0_.id as id1_2_,
            admi0_.create_date_time as create_d2_2_,
            admi0_.email as email3_2_,
            admi0_.isadmin as isadmin4_2_,
            admi0_.name as name5_2_,
            admi0_.password as password6_2_,
            admi0_.phone as phone7_2_,
            admi0_.update_date_time as update_d8_2_ 
        from
            admi admi0_ 
        where
            admi0_.email=?
""2022-08-31 23:13:34 [Test worker] TRACE o.h.type.descriptor.sql.BasicBinder - binding parameter [1] as [VARCHAR] - [francis@directcore.com]
""2022-08-31 23:13:34 [Test worker] INFO  c.d.N.seeders.DatabaseSeeder - Users Seeding Not Required
""2022-08-31 23:13:34 [Test worker] INFO  c.d.N.NexcomAcquisitionPortalApplicationTests - Started NexcomAcquisitionPortalApplicationTests in 11.413 seconds (JVM running for 12.923)
""2022-08-31 23:13:38 [SpringApplicationShutdownHook] INFO  o.s.o.j.LocalContainerEntityManagerFactoryBean - Closing JPA EntityManagerFactory for persistence unit 'default'
""2022-08-31 23:13:38 [SpringApplicationShutdownHook] INFO  com.zaxxer.hikari.HikariDataSource - HikariPool-1 - Shutdown initiated...
""2022-08-31 23:13:38 [SpringApplicationShutdownHook] INFO  com.zaxxer.hikari.HikariDataSource - HikariPool-1 - Shutdown completed.
""2022-08-31 23:13:43 [main] INFO  c.d.N.NexcomAcquisitionPortalApplication - Starting NexcomAcquisitionPortalApplication using Java 11.0.16 on engineer with PID 29235 (/home/engineer/IdeaProjects/NexcomAcquisitionPortal/build/libs/NexcomAcquisitionPortal-0.0.1-SNAPSHOT.war started by engineer in /home/engineer/IdeaProjects/NexcomAcquisitionPortal)
""2022-08-31 23:13:43 [main] INFO  c.d.N.NexcomAcquisitionPortalApplication - No active profile set, falling back to 1 default profile: "default"
""2022-08-31 23:13:44 [main] INFO  o.s.d.r.c.RepositoryConfigurationDelegate - Multiple Spring Data modules found, entering strict repository configuration mode
""2022-08-31 23:13:44 [main] INFO  o.s.d.r.c.RepositoryConfigurationDelegate - Bootstrapping Spring Data JPA repositories in DEFAULT mode.
""2022-08-31 23:13:44 [main] INFO  o.s.d.r.c.RepositoryConfigurationDelegate - Finished Spring Data repository scanning in 131 ms. Found 13 JPA repository interfaces.
""2022-08-31 23:13:45 [main] INFO  o.s.b.w.e.tomcat.TomcatWebServer - Tomcat initialized with port(s): 8872 (http)
""2022-08-31 23:13:45 [main] INFO  o.a.catalina.core.StandardService - Starting service [Tomcat]
""2022-08-31 23:13:45 [main] INFO  o.a.catalina.core.StandardEngine - Starting Servlet engine: [Apache Tomcat/9.0.64]
""2022-08-31 23:13:47 [main] INFO  o.a.c.c.C.[Tomcat].[localhost].[/] - Initializing Spring embedded WebApplicationContext
""2022-08-31 23:13:47 [main] INFO  o.s.b.w.s.c.ServletWebServerApplicationContext - Root WebApplicationContext: initialization completed in 4460 ms
""2022-08-31 23:13:47 [main] INFO  o.h.jpa.internal.util.LogHelper - HHH000204: Processing PersistenceUnitInfo [name: default]
""2022-08-31 23:13:48 [main] INFO  org.hibernate.Version - HHH000412: Hibernate ORM core version 5.6.9.Final
""2022-08-31 23:13:48 [main] INFO  o.h.annotations.common.Version - HCANN000001: Hibernate Commons Annotations {5.1.2.Final}
""2022-08-31 23:13:48 [main] INFO  com.zaxxer.hikari.HikariDataSource - HikariPool-1 - Starting...
""2022-08-31 23:13:49 [main] INFO  com.zaxxer.hikari.HikariDataSource - HikariPool-1 - Start completed.
""2022-08-31 23:13:49 [main] INFO  org.hibernate.dialect.Dialect - HHH000400: Using dialect: org.hibernate.dialect.MySQL5Dialect
""2022-08-31 23:13:51 [main] DEBUG org.hibernate.SQL - 
    
    alter table admi_roles 
       add constraint FKg4g960gmmeal0vvqe5syutulm 
       foreign key (roles_id) 
       references roles_admin (id)
""2022-08-31 23:13:53 [main] DEBUG org.hibernate.SQL - 
    
    alter table admi_roles 
       add constraint FKry6n6e9eee4j4ft905o1kbp97 
       foreign key (admin_id) 
       references admi (id)
""2022-08-31 23:13:53 [main] DEBUG org.hibernate.SQL - 
    
    alter table password_reset_token 
       add constraint FKipximbo3kvjgd7o9gd9cid4ab 
       foreign key (user_id) 
       references admi (id)
""2022-08-31 23:13:53 [main] INFO  o.h.e.t.j.p.i.JtaPlatformInitiator - HHH000490: Using JtaPlatform implementation: [org.hibernate.engine.transaction.jta.platform.internal.NoJtaPlatform]
""2022-08-31 23:13:53 [main] INFO  o.s.o.j.LocalContainerEntityManagerFactoryBean - Initialized JPA EntityManagerFactory for persistence unit 'default'
""2022-08-31 23:13:53 [main] INFO  o.a.c.c.C.[Tomcat].[localhost].[/] - AuthenticationFilter initialized
""2022-08-31 23:13:54 [main] WARN  o.s.b.a.o.j.JpaBaseConfiguration$JpaWebConfiguration - spring.jpa.open-in-view is enabled by default. Therefore, database queries may be performed during view rendering. Explicitly configure spring.jpa.open-in-view to disable this warning
""2022-08-31 23:13:55 [main] WARN  o.s.b.a.s.s.UserDetailsServiceAutoConfiguration - 

Using generated security password: 5e2b6e73-c06c-4ec0-94fa-f7ff2c97b952

This generated password is for development use only. Your security configuration must be updated before running your application in production.

""2022-08-31 23:13:55 [main] WARN  o.s.s.c.a.web.builders.WebSecurity - You are asking Spring Security to ignore Ant [pattern='/**']. This is not recommended -- please use permitAll via HttpSecurity#authorizeHttpRequests instead.
""2022-08-31 23:13:55 [main] INFO  o.s.s.web.DefaultSecurityFilterChain - Will not secure Ant [pattern='/**']
""2022-08-31 23:13:55 [main] INFO  o.s.s.web.DefaultSecurityFilterChain - Will secure any request with [org.springframework.security.web.session.DisableEncodeUrlFilter@20801cbb, org.springframework.security.web.context.request.async.WebAsyncManagerIntegrationFilter@581b1c08, org.springframework.security.web.context.SecurityContextPersistenceFilter@4293e066, org.springframework.security.web.header.HeaderWriterFilter@6dce59e, org.springframework.security.web.authentication.logout.LogoutFilter@78da899f, org.springframework.security.web.savedrequest.RequestCacheAwareFilter@27f3f512, org.springframework.security.web.servletapi.SecurityContextHolderAwareRequestFilter@122635ef, org.springframework.security.web.authentication.AnonymousAuthenticationFilter@1c240cf2, org.springframework.security.web.session.SessionManagementFilter@5403799b, org.springframework.security.web.access.ExceptionTranslationFilter@3fde8f7c, org.springframework.security.web.access.intercept.FilterSecurityInterceptor@193bb809]
""2022-08-31 23:13:55 [main] INFO  o.s.b.a.w.s.WelcomePageHandlerMapping - Adding welcome page template: index
""2022-08-31 23:13:55 [main] WARN  o.t.templatemode.TemplateMode - [THYMELEAF][main] Template Mode 'LEGACYHTML5' is deprecated. Using Template Mode 'HTML' instead.
""2022-08-31 23:13:55 [main] INFO  o.s.b.w.e.tomcat.TomcatWebServer - Tomcat started on port(s): 8872 (http) with context path ''
""2022-08-31 23:13:56 [main] INFO  o.s.s.a.ScheduledAnnotationBeanPostProcessor - No TaskScheduler/ScheduledExecutorService bean found for scheduled processing
""2022-08-31 23:13:56 [main] DEBUG org.hibernate.SQL - 
    /* select
        generatedAlias0 
    from
        Admi as generatedAlias0 
    where
        generatedAlias0.email=:param0 */ select
            admi0_.id as id1_2_,
            admi0_.create_date_time as create_d2_2_,
            admi0_.email as email3_2_,
            admi0_.isadmin as isadmin4_2_,
            admi0_.name as name5_2_,
            admi0_.password as password6_2_,
            admi0_.phone as phone7_2_,
            admi0_.update_date_time as update_d8_2_ 
        from
            admi admi0_ 
        where
            admi0_.email=?
""2022-08-31 23:13:56 [main] TRACE o.h.type.descriptor.sql.BasicBinder - binding parameter [1] as [VARCHAR] - [jmwangi@directcore.com]
""2022-08-31 23:13:56 [main] INFO  c.d.N.seeders.DatabaseSeeder - Users Seeding Not Required
""2022-08-31 23:13:56 [main] DEBUG org.hibernate.SQL - 
    /* select
        generatedAlias0 
    from
        Admi as generatedAlias0 
    where
        generatedAlias0.email=:param0 */ select
            admi0_.id as id1_2_,
            admi0_.create_date_time as create_d2_2_,
            admi0_.email as email3_2_,
            admi0_.isadmin as isadmin4_2_,
            admi0_.name as name5_2_,
            admi0_.password as password6_2_,
            admi0_.phone as phone7_2_,
            admi0_.update_date_time as update_d8_2_ 
        from
            admi admi0_ 
        where
            admi0_.email=?
""2022-08-31 23:13:56 [main] TRACE o.h.type.descriptor.sql.BasicBinder - binding parameter [1] as [VARCHAR] - [francis@directcore.com]
""2022-08-31 23:13:56 [main] INFO  c.d.N.seeders.DatabaseSeeder - Users Seeding Not Required
""2022-08-31 23:13:56 [main] INFO  c.d.N.NexcomAcquisitionPortalApplication - Started NexcomAcquisitionPortalApplication in 14.583 seconds (JVM running for 16.295)
""2022-08-31 23:18:22 [http-nio-8872-exec-1] INFO  o.a.c.c.C.[Tomcat].[localhost].[/] - Initializing Spring DispatcherServlet 'dispatcherServlet'
""2022-08-31 23:18:22 [http-nio-8872-exec-1] INFO  o.s.web.servlet.DispatcherServlet - Initializing Servlet 'dispatcherServlet'
""2022-08-31 23:18:22 [http-nio-8872-exec-1] INFO  o.s.web.servlet.DispatcherServlet - Completed initialization in 3 ms
""2022-08-31 23:21:45 [http-nio-8872-exec-9] DEBUG org.hibernate.SQL - 
    /* select
        generatedAlias0 
    from
        PasswordResetToken as generatedAlias0 
    where
        generatedAlias0.token=:param0 */ select
            passwordre0_.id as id1_10_,
            passwordre0_.expiry_date as expiry_d2_10_,
            passwordre0_.token as token3_10_,
            passwordre0_.user_id as user_id4_10_ 
        from
            password_reset_token passwordre0_ 
        where
            passwordre0_.token=?
""2022-08-31 23:21:45 [http-nio-8872-exec-9] TRACE o.h.type.descriptor.sql.BasicBinder - binding parameter [1] as [VARCHAR] - [6a560e01-8c25-4af8-90d9-56ae685a1008]
""2022-08-31 23:21:45 [http-nio-8872-exec-9] DEBUG org.hibernate.SQL - 
    select
        admi0_.id as id1_2_0_,
        admi0_.create_date_time as create_d2_2_0_,
        admi0_.email as email3_2_0_,
        admi0_.isadmin as isadmin4_2_0_,
        admi0_.name as name5_2_0_,
        admi0_.password as password6_2_0_,
        admi0_.phone as phone7_2_0_,
        admi0_.update_date_time as update_d8_2_0_ 
    from
        admi admi0_ 
    where
        admi0_.id=?
""2022-08-31 23:21:45 [http-nio-8872-exec-9] TRACE o.h.type.descriptor.sql.BasicBinder - binding parameter [1] as [INTEGER] - [38]
""2022-08-31 23:28:36 [http-nio-8872-exec-10] DEBUG org.hibernate.SQL - 
    /* select
        generatedAlias0 
    from
        PasswordResetToken as generatedAlias0 
    where
        generatedAlias0.token=:param0 */ select
            passwordre0_.id as id1_10_,
            passwordre0_.expiry_date as expiry_d2_10_,
            passwordre0_.token as token3_10_,
            passwordre0_.user_id as user_id4_10_ 
        from
            password_reset_token passwordre0_ 
        where
            passwordre0_.token=?
""2022-08-31 23:28:36 [http-nio-8872-exec-10] TRACE o.h.type.descriptor.sql.BasicBinder - binding parameter [1] as [VARCHAR] - [6a560e01-8c25-4af8-90d9-56ae685a1008]
""2022-08-31 23:28:36 [http-nio-8872-exec-10] DEBUG org.hibernate.SQL - 
    select
        admi0_.id as id1_2_0_,
        admi0_.create_date_time as create_d2_2_0_,
        admi0_.email as email3_2_0_,
        admi0_.isadmin as isadmin4_2_0_,
        admi0_.name as name5_2_0_,
        admi0_.password as password6_2_0_,
        admi0_.phone as phone7_2_0_,
        admi0_.update_date_time as update_d8_2_0_ 
    from
        admi admi0_ 
    where
        admi0_.id=?
""2022-08-31 23:28:36 [http-nio-8872-exec-10] TRACE o.h.type.descriptor.sql.BasicBinder - binding parameter [1] as [INTEGER] - [38]
""2022-08-31 23:28:38 [http-nio-8872-exec-10] DEBUG org.hibernate.SQL - 
    /* update
        com.directcore.NexcomAcquisitionPortal.model.Admi */ update
            admi 
        set
            create_date_time=?,
            email=?,
            isadmin=?,
            name=?,
            password=?,
            phone=?,
            update_date_time=? 
        where
            id=?
""2022-08-31 23:28:38 [http-nio-8872-exec-10] TRACE o.h.type.descriptor.sql.BasicBinder - binding parameter [1] as [TIMESTAMP] - [2021-11-23T16:59:16]
""2022-08-31 23:28:38 [http-nio-8872-exec-10] TRACE o.h.type.descriptor.sql.BasicBinder - binding parameter [2] as [VARCHAR] - [mwangimuchiri@gmail.com]
""2022-08-31 23:28:38 [http-nio-8872-exec-10] TRACE o.h.type.descriptor.sql.BasicBinder - binding parameter [3] as [INTEGER] - [0]
""2022-08-31 23:28:38 [http-nio-8872-exec-10] TRACE o.h.type.descriptor.sql.BasicBinder - binding parameter [4] as [VARCHAR] - [james mwangi muchir]
""2022-08-31 23:28:38 [http-nio-8872-exec-10] TRACE o.h.type.descriptor.sql.BasicBinder - binding parameter [5] as [VARCHAR] - [$2a$11$UVpaK1dl0wcrZ/Sl1M8Twu7/Btd.VRlLUVxD1sgBHT81mInGl0YzO]
""2022-08-31 23:28:38 [http-nio-8872-exec-10] TRACE o.h.type.descriptor.sql.BasicBinder - binding parameter [6] as [VARCHAR] - [0718360109]
""2022-08-31 23:28:38 [http-nio-8872-exec-10] TRACE o.h.type.descriptor.sql.BasicBinder - binding parameter [7] as [TIMESTAMP] - [2022-08-31T23:28:38.532710]
""2022-08-31 23:28:38 [http-nio-8872-exec-10] TRACE o.h.type.descriptor.sql.BasicBinder - binding parameter [8] as [INTEGER] - [38]
""2022-08-31 23:28:50 [http-nio-8872-exec-1] DEBUG org.hibernate.SQL - 
    /* select
        generatedAlias0 
    from
        Admi as generatedAlias0 
    where
        generatedAlias0.email=:param0 */ select
            admi0_.id as id1_2_,
            admi0_.create_date_time as create_d2_2_,
            admi0_.email as email3_2_,
            admi0_.isadmin as isadmin4_2_,
            admi0_.name as name5_2_,
            admi0_.password as password6_2_,
            admi0_.phone as phone7_2_,
            admi0_.update_date_time as update_d8_2_ 
        from
            admi admi0_ 
        where
            admi0_.email=?
""2022-08-31 23:28:50 [http-nio-8872-exec-1] TRACE o.h.type.descriptor.sql.BasicBinder - binding parameter [1] as [VARCHAR] - [jmwangi@directcore.com]
""2022-08-31 23:28:50 [http-nio-8872-exec-1] DEBUG org.hibernate.SQL - 
    /* select
        generatedAlias0 
    from
        Admi as generatedAlias0 
    where
        generatedAlias0.email=:param0 */ select
            admi0_.id as id1_2_,
            admi0_.create_date_time as create_d2_2_,
            admi0_.email as email3_2_,
            admi0_.isadmin as isadmin4_2_,
            admi0_.name as name5_2_,
            admi0_.password as password6_2_,
            admi0_.phone as phone7_2_,
            admi0_.update_date_time as update_d8_2_ 
        from
            admi admi0_ 
        where
            admi0_.email=?
""2022-08-31 23:28:50 [http-nio-8872-exec-1] TRACE o.h.type.descriptor.sql.BasicBinder - binding parameter [1] as [VARCHAR] - [jmwangi@directcore.com]
""2022-08-31 23:28:52 [http-nio-8872-exec-1] DEBUG org.hibernate.SQL - 
    select
        next_val as id_val 
    from
        hibernate_sequence for update
            
""2022-08-31 23:28:52 [http-nio-8872-exec-1] DEBUG org.hibernate.SQL - 
    update
        hibernate_sequence 
    set
        next_val= ? 
    where
        next_val=?
""2022-08-31 23:28:52 [http-nio-8872-exec-1] DEBUG org.hibernate.SQL - 
    /* insert com.directcore.NexcomAcquisitionPortal.model.Login_logs
        */ insert 
        into
            login_logs
            (adminid, create_date_time, reponse, id) 
        values
            (?, ?, ?, ?)
""2022-08-31 23:28:52 [http-nio-8872-exec-1] TRACE o.h.type.descriptor.sql.BasicBinder - binding parameter [1] as [INTEGER] - [107]
""2022-08-31 23:28:52 [http-nio-8872-exec-1] TRACE o.h.type.descriptor.sql.BasicBinder - binding parameter [2] as [TIMESTAMP] - [2022-08-31T23:28:52.232253]
""2022-08-31 23:28:52 [http-nio-8872-exec-1] TRACE o.h.type.descriptor.sql.BasicBinder - binding parameter [3] as [VARCHAR] - [login success]
""2022-08-31 23:28:52 [http-nio-8872-exec-1] TRACE o.h.type.descriptor.sql.BasicBinder - binding parameter [4] as [INTEGER] - [110]
""2022-08-31 23:28:52 [http-nio-8872-exec-9] DEBUG org.hibernate.SQL - 
    /* select
        generatedAlias0 
    from
        Admi as generatedAlias0 
    where
        generatedAlias0.id=:param0 */ select
            admi0_.id as id1_2_,
            admi0_.create_date_time as create_d2_2_,
            admi0_.email as email3_2_,
            admi0_.isadmin as isadmin4_2_,
            admi0_.name as name5_2_,
            admi0_.password as password6_2_,
            admi0_.phone as phone7_2_,
            admi0_.update_date_time as update_d8_2_ 
        from
            admi admi0_ 
        where
            admi0_.id=?
""2022-08-31 23:28:52 [http-nio-8872-exec-9] TRACE o.h.type.descriptor.sql.BasicBinder - binding parameter [1] as [INTEGER] - [107]
""2022-08-31 23:28:52 [http-nio-8872-exec-9] DEBUG org.hibernate.SQL - 
    select
        roles0_.admin_id as admin_id1_3_0_,
        roles0_.roles_id as roles_id2_3_0_,
        roles_admi1_.id as id1_0_1_,
        roles_admi1_.create_date_time as create_d2_0_1_,
        roles_admi1_.created_by as created_3_0_1_,
        roles_admi1_.description as descript4_0_1_,
        roles_admi1_.is_active as is_activ5_0_1_,
        roles_admi1_.name as name6_0_1_,
        roles_admi1_.role as role7_0_1_,
        roles_admi1_.update_date_time as update_d8_0_1_ 
    from
        admi_roles roles0_ 
    inner join
        roles_admin roles_admi1_ 
            on roles0_.roles_id=roles_admi1_.id 
    where
        roles0_.admin_id=?
""2022-08-31 23:28:52 [http-nio-8872-exec-9] TRACE o.h.type.descriptor.sql.BasicBinder - binding parameter [1] as [INTEGER] - [107]
""2022-08-31 23:28:52 [http-nio-8872-exec-9] INFO  c.d.N.services.AdminServiceimpl - []
""2022-08-31 23:29:21 [http-nio-8872-exec-9] DEBUG org.hibernate.SQL - 
    /* select
        generatedAlias0 
    from
        Admi as generatedAlias0 
    where
        generatedAlias0.id=:param0 */ select
            admi0_.id as id1_2_,
            admi0_.create_date_time as create_d2_2_,
            admi0_.email as email3_2_,
            admi0_.isadmin as isadmin4_2_,
            admi0_.name as name5_2_,
            admi0_.password as password6_2_,
            admi0_.phone as phone7_2_,
            admi0_.update_date_time as update_d8_2_ 
        from
            admi admi0_ 
        where
            admi0_.id=?
""2022-08-31 23:29:21 [http-nio-8872-exec-9] TRACE o.h.type.descriptor.sql.BasicBinder - binding parameter [1] as [INTEGER] - [107]
""2022-08-31 23:29:21 [http-nio-8872-exec-9] DEBUG org.hibernate.SQL - 
    /* select
        generatedAlias0 
    from
        Roles_admin as generatedAlias0 */ select
            roles_admi0_.id as id1_0_,
            roles_admi0_.create_date_time as create_d2_0_,
            roles_admi0_.created_by as created_3_0_,
            roles_admi0_.description as descript4_0_,
            roles_admi0_.is_active as is_activ5_0_,
            roles_admi0_.name as name6_0_,
            roles_admi0_.role as role7_0_,
            roles_admi0_.update_date_time as update_d8_0_ 
        from
            roles_admin roles_admi0_
""2022-08-31 23:29:21 [http-nio-8872-exec-9] DEBUG org.hibernate.SQL - 
    select
        roles0_.admin_id as admin_id1_3_0_,
        roles0_.roles_id as roles_id2_3_0_,
        roles_admi1_.id as id1_0_1_,
        roles_admi1_.create_date_time as create_d2_0_1_,
        roles_admi1_.created_by as created_3_0_1_,
        roles_admi1_.description as descript4_0_1_,
        roles_admi1_.is_active as is_activ5_0_1_,
        roles_admi1_.name as name6_0_1_,
        roles_admi1_.role as role7_0_1_,
        roles_admi1_.update_date_time as update_d8_0_1_ 
    from
        admi_roles roles0_ 
    inner join
        roles_admin roles_admi1_ 
            on roles0_.roles_id=roles_admi1_.id 
    where
        roles0_.admin_id=?
""2022-08-31 23:29:21 [http-nio-8872-exec-9] TRACE o.h.type.descriptor.sql.BasicBinder - binding parameter [1] as [INTEGER] - [107]
""2022-08-31 23:29:21 [http-nio-8872-exec-9] INFO  c.d.N.services.AdminServiceimpl - []
"